                                      1 ;--------------------------------------------------------
                                      2 ; File Created by SDCC : free open source ISO C Compiler
                                      3 ; Version 4.5.0 #15242 (Linux)
                                      4 ;--------------------------------------------------------
                                      5 	.module main
                                      6 	
                                      7 	.optsdcc -mz80 sdcccall(1)
                                      8 ;--------------------------------------------------------
                                      9 ; Public variables in this module
                                     10 ;--------------------------------------------------------
                                     11 	.globl _main
                                     12 	.globl _cclear
                                     13 	.globl _cputs
                                     14 	.globl _cinit
                                     15 ;--------------------------------------------------------
                                     16 ; special function registers
                                     17 ;--------------------------------------------------------
                                     18 ;--------------------------------------------------------
                                     19 ; ram data
                                     20 ;--------------------------------------------------------
                                     21 	.area _DATA
                                     22 ;--------------------------------------------------------
                                     23 ; ram data
                                     24 ;--------------------------------------------------------
                                     25 	.area _INITIALIZED
                                     26 ;--------------------------------------------------------
                                     27 ; absolute external ram data
                                     28 ;--------------------------------------------------------
                                     29 	.area _DABS (ABS)
                                     30 ;--------------------------------------------------------
                                     31 ; global & static initialisations
                                     32 ;--------------------------------------------------------
                                     33 	.area _HOME
                                     34 	.area _GSINIT
                                     35 	.area _GSFINAL
                                     36 	.area _GSINIT
                                     37 ;--------------------------------------------------------
                                     38 ; Home
                                     39 ;--------------------------------------------------------
                                     40 	.area _HOME
                                     41 	.area _HOME
                                     42 ;--------------------------------------------------------
                                     43 ; code
                                     44 ;--------------------------------------------------------
                                     45 	.area _CODE
                         00000000    46 	G$main$0$0	= .
                                     47 	.globl	G$main$0$0
                         00000000    48 	C$main.c$6$0_0$3	= .
                                     49 	.globl	C$main.c$6$0_0$3
                                     50 ;main.c:6: void main() {
                                     51 ;	---------------------------------
                                     52 ; Function main
                                     53 ; ---------------------------------
    00000000                         54 _main::
                         00000000    55 	C$main.c$7$1_0$3	= .
                                     56 	.globl	C$main.c$7$1_0$3
                                     57 ;main.c:7: cinit();
    00000000 CDr00r00         [17]   58 	call	_cinit
                         00000003    59 	C$main.c$9$1_0$3	= .
                                     60 	.globl	C$main.c$9$1_0$3
                                     61 ;main.c:9: cclear();
    00000003 CDr00r00         [17]   62 	call	_cclear
                         00000006    63 	C$main.c$11$1_0$3	= .
                                     64 	.globl	C$main.c$11$1_0$3
                                     65 ;main.c:11: cputs("hello world\nagain!");
    00000006 21r0Cr00         [10]   66 	ld	hl, #___str_0
                         00000009    67 	C$main.c$17$1_0$3	= .
                                     68 	.globl	C$main.c$17$1_0$3
                                     69 ;main.c:17: }
                         00000009    70 	C$main.c$17$1_0$3	= .
                                     71 	.globl	C$main.c$17$1_0$3
                         00000009    72 	XG$main$0$0	= .
                                     73 	.globl	XG$main$0$0
    00000009 C3r00r00         [10]   74 	jp	_cputs
                         0000000C    75 Fmain$__str_0$0_0$0 == .
    0000000C                         76 ___str_0:
    0000000C 68 65 6C 6C 6F 20 77    77 	.ascii "hello world"
             6F 72 6C 64
    00000017 0A                      78 	.db 0x0a
    00000018 61 67 61 69 6E 21       79 	.ascii "again!"
    0000001E 00                      80 	.db 0x00
                                     81 	.area _CODE
                                     82 	.area _INITIALIZER
                                     83 	.area _CABS (ABS)
